This is pdfTeX, Version 3.141592653-2.6-1.40.25 (MiKTeX 24.1) (preloaded format=pdflatex 2025.2.11)  16 NOV 2025 23:37
entering extended mode
 restricted \write18 enabled.
 file:line:error style messages enabled.
 %&-line parsing enabled.
**h:/Fear_Generalization/report/report.tex
(h:/Fear_Generalization/report/report.tex
LaTeX2e <2023-11-01> patch level 1
L3 programming layer <2024-01-04>
(C:\Program Files\MiKTeX\tex/latex/base\report.cls
Document Class: report 2023/05/17 v1.4n Standard LaTeX document class
(C:\Program Files\MiKTeX\tex/latex/base\size12.clo
File: size12.clo 2023/05/17 v1.4n Standard LaTeX file (size option)
)
\c@part=\count187
\c@chapter=\count188
\c@section=\count189
\c@subsection=\count190
\c@subsubsection=\count191
\c@paragraph=\count192
\c@subparagraph=\count193
\c@figure=\count194
\c@table=\count195
\abovecaptionskip=\skip48
\belowcaptionskip=\skip49
\bibindent=\dimen140
) (C:\Program Files\MiKTeX\tex/latex/base\inputenc.sty
Package: inputenc 2021/02/14 v1.3d Input encoding file
\inpenc@prehook=\toks17
\inpenc@posthook=\toks18
) (C:\Program Files\MiKTeX\tex/latex/amsmath\amsmath.sty
Package: amsmath 2023/05/13 v2.17o AMS math features
\@mathmargin=\skip50

For additional information on amsmath, use the `?' option.
(C:\Program Files\MiKTeX\tex/latex/amsmath\amstext.sty
Package: amstext 2021/08/26 v2.01 AMS text
 (C:\Program Files\MiKTeX\tex/latex/amsmath\amsgen.sty
File: amsgen.sty 1999/11/30 v2.0 generic functions
\@emptytoks=\toks19
\ex@=\dimen141
)) (C:\Program Files\MiKTeX\tex/latex/amsmath\amsbsy.sty
Package: amsbsy 1999/11/29 v1.2d Bold Symbols
\pmbraise@=\dimen142
) (C:\Program Files\MiKTeX\tex/latex/amsmath\amsopn.sty
Package: amsopn 2022/04/08 v2.04 operator names
)
\inf@bad=\count196
LaTeX Info: Redefining \frac on input line 234.
\uproot@=\count197
\leftroot@=\count198
LaTeX Info: Redefining \overline on input line 399.
LaTeX Info: Redefining \colon on input line 410.
\classnum@=\count199
\DOTSCASE@=\count266
LaTeX Info: Redefining \ldots on input line 496.
LaTeX Info: Redefining \dots on input line 499.
LaTeX Info: Redefining \cdots on input line 620.
\Mathstrutbox@=\box51
\strutbox@=\box52
LaTeX Info: Redefining \big on input line 722.
LaTeX Info: Redefining \Big on input line 723.
LaTeX Info: Redefining \bigg on input line 724.
LaTeX Info: Redefining \Bigg on input line 725.
\big@size=\dimen143
LaTeX Font Info:    Redeclaring font encoding OML on input line 743.
LaTeX Font Info:    Redeclaring font encoding OMS on input line 744.
\macc@depth=\count267
LaTeX Info: Redefining \bmod on input line 905.
LaTeX Info: Redefining \pmod on input line 910.
LaTeX Info: Redefining \smash on input line 940.
LaTeX Info: Redefining \relbar on input line 970.
LaTeX Info: Redefining \Relbar on input line 971.
\c@MaxMatrixCols=\count268
\dotsspace@=\muskip16
\c@parentequation=\count269
\dspbrk@lvl=\count270
\tag@help=\toks20
\row@=\count271
\column@=\count272
\maxfields@=\count273
\andhelp@=\toks21
\eqnshift@=\dimen144
\alignsep@=\dimen145
\tagshift@=\dimen146
\tagwidth@=\dimen147
\totwidth@=\dimen148
\lineht@=\dimen149
\@envbody=\toks22
\multlinegap=\skip51
\multlinetaggap=\skip52
\mathdisplay@stack=\toks23
LaTeX Info: Redefining \[ on input line 2953.
LaTeX Info: Redefining \] on input line 2954.
) (C:\Program Files\MiKTeX\tex/latex/graphics\graphicx.sty
Package: graphicx 2021/09/16 v1.2d Enhanced LaTeX Graphics (DPC,SPQR)
 (C:\Program Files\MiKTeX\tex/latex/graphics\keyval.sty
Package: keyval 2022/05/29 v1.15 key=value parser (DPC)
\KV@toks@=\toks24
) (C:\Program Files\MiKTeX\tex/latex/graphics\graphics.sty
Package: graphics 2022/03/10 v1.4e Standard LaTeX Graphics (DPC,SPQR)
 (C:\Program Files\MiKTeX\tex/latex/graphics\trig.sty
Package: trig 2021/08/11 v1.11 sin cos tan (DPC)
) (C:\Program Files\MiKTeX\tex/latex/graphics-cfg\graphics.cfg
File: graphics.cfg 2016/06/04 v1.11 sample graphics configuration
)
Package graphics Info: Driver file: pdftex.def on input line 107.
 (C:\Program Files\MiKTeX\tex/latex/graphics-def\pdftex.def
File: pdftex.def 2022/09/22 v1.2b Graphics/color driver for pdftex
))
\Gin@req@height=\dimen150
\Gin@req@width=\dimen151
) (C:\Program Files\MiKTeX\tex/latex/tools\bm.sty
Package: bm 2023/07/08 v1.2f Bold Symbol Support (DPC/FMi)
\symboldoperators=\mathgroup4
\symboldletters=\mathgroup5
\symboldsymbols=\mathgroup6
Package bm Info: No bold for \OMX/cmex/m/n, using \pmb.
LaTeX Font Info:    Redeclaring math alphabet \mathbf on input line 149.
) (C:\Program Files\MiKTeX\tex/latex/listings\listings.sty
\lst@mode=\count274
\lst@gtempboxa=\box53
\lst@token=\toks25
\lst@length=\count275
\lst@currlwidth=\dimen152
\lst@column=\count276
\lst@pos=\count277
\lst@lostspace=\dimen153
\lst@width=\dimen154
\lst@newlines=\count278
\lst@lineno=\count279
\lst@maxwidth=\dimen155
 (C:\Program Files\MiKTeX\tex/latex/listings\lstmisc.sty
File: lstmisc.sty 2023/02/27 1.9 (Carsten Heinz)
\c@lstnumber=\count280
\lst@skipnumbers=\count281
\lst@framebox=\box54
) (C:\Program Files\MiKTeX\tex/latex/listings\listings.cfg
File: listings.cfg 2023/02/27 1.9 listings configuration
))
Package: listings 2023/02/27 1.9 (Carsten Heinz)
 (C:\Program Files\MiKTeX\tex/latex/xcolor\xcolor.sty
Package: xcolor 2023/11/15 v3.01 LaTeX color extensions (UK)
 (C:\Program Files\MiKTeX\tex/latex/graphics-cfg\color.cfg
File: color.cfg 2016/01/02 v1.6 sample color configuration
)
Package xcolor Info: Driver file: pdftex.def on input line 274.
 (C:\Program Files\MiKTeX\tex/latex/graphics\mathcolor.ltx)
Package xcolor Info: Model `cmy' substituted by `cmy0' on input line 1350.
Package xcolor Info: Model `hsb' substituted by `rgb' on input line 1354.
Package xcolor Info: Model `RGB' extended on input line 1366.
Package xcolor Info: Model `HTML' substituted by `rgb' on input line 1368.
Package xcolor Info: Model `Hsb' substituted by `hsb' on input line 1369.
Package xcolor Info: Model `tHsb' substituted by `hsb' on input line 1370.
Package xcolor Info: Model `HSB' substituted by `hsb' on input line 1371.
Package xcolor Info: Model `Gray' substituted by `gray' on input line 1372.
Package xcolor Info: Model `wave' substituted by `hsb' on input line 1373.
) (C:\Program Files\MiKTeX\tex/latex/hyperref\hyperref.sty
Package: hyperref 2023-11-26 v7.01g Hypertext links for LaTeX
 (C:\Program Files\MiKTeX\tex/generic/iftex\iftex.sty
Package: iftex 2022/02/03 v1.0f TeX engine tests
) (C:\Program Files\MiKTeX\tex/generic/infwarerr\infwarerr.sty
Package: infwarerr 2019/12/03 v1.5 Providing info/warning/error messages (HO)
) (C:\Program Files\MiKTeX\tex/latex/kvsetkeys\kvsetkeys.sty
Package: kvsetkeys 2022-10-05 v1.19 Key value parser (HO)
) (C:\Program Files\MiKTeX\tex/generic/kvdefinekeys\kvdefinekeys.sty
Package: kvdefinekeys 2019-12-19 v1.6 Define keys (HO)
) (C:\Program Files\MiKTeX\tex/generic/pdfescape\pdfescape.sty
Package: pdfescape 2019/12/09 v1.15 Implements pdfTeX's escape features (HO)
 (C:\Program Files\MiKTeX\tex/generic/ltxcmds\ltxcmds.sty
Package: ltxcmds 2023-12-04 v1.26 LaTeX kernel commands for general use (HO)
) (C:\Program Files\MiKTeX\tex/generic/pdftexcmds\pdftexcmds.sty
Package: pdftexcmds 2020-06-27 v0.33 Utility functions of pdfTeX for LuaTeX (HO)
Package pdftexcmds Info: \pdf@primitive is available.
Package pdftexcmds Info: \pdf@ifprimitive is available.
Package pdftexcmds Info: \pdfdraftmode found.
)) (C:\Program Files\MiKTeX\tex/latex/hycolor\hycolor.sty
Package: hycolor 2020-01-27 v1.10 Color options for hyperref/bookmark (HO)
) (C:\Program Files\MiKTeX\tex/latex/letltxmacro\letltxmacro.sty
Package: letltxmacro 2019/12/03 v1.6 Let assignment for LaTeX macros (HO)
) (C:\Program Files\MiKTeX\tex/latex/auxhook\auxhook.sty
Package: auxhook 2019-12-17 v1.6 Hooks for auxiliary files (HO)
) (C:\Program Files\MiKTeX\tex/latex/hyperref\nameref.sty
Package: nameref 2023-11-26 v2.56 Cross-referencing by name of section
 (C:\Program Files\MiKTeX\tex/latex/refcount\refcount.sty
Package: refcount 2019/12/15 v3.6 Data extraction from label references (HO)
) (C:\Program Files\MiKTeX\tex/generic/gettitlestring\gettitlestring.sty
Package: gettitlestring 2019/12/15 v1.6 Cleanup title references (HO)
 (C:\Program Files\MiKTeX\tex/latex/kvoptions\kvoptions.sty
Package: kvoptions 2022-06-15 v3.15 Key value format for package options (HO)
))
\c@section@level=\count282
) (C:\Program Files\MiKTeX\tex/latex/etoolbox\etoolbox.sty
Package: etoolbox 2020/10/05 v2.5k e-TeX tools for LaTeX (JAW)
\etb@tempcnta=\count283
)
\@linkdim=\dimen156
\Hy@linkcounter=\count284
\Hy@pagecounter=\count285
 (C:\Program Files\MiKTeX\tex/latex/hyperref\pd1enc.def
File: pd1enc.def 2023-11-26 v7.01g Hyperref: PDFDocEncoding definition (HO)
Now handling font encoding PD1 ...
... no UTF-8 mapping file for font encoding PD1
) (C:\Program Files\MiKTeX\tex/generic/intcalc\intcalc.sty
Package: intcalc 2019/12/15 v1.3 Expandable calculations with integers (HO)
)
\Hy@SavedSpaceFactor=\count286
 (C:\Program Files\MiKTeX\tex/latex/hyperref\puenc.def
File: puenc.def 2023-11-26 v7.01g Hyperref: PDF Unicode definition (HO)
Now handling font encoding PU ...
... no UTF-8 mapping file for font encoding PU
)
Package hyperref Info: Hyper figures OFF on input line 4181.
Package hyperref Info: Link nesting OFF on input line 4186.
Package hyperref Info: Hyper index ON on input line 4189.
Package hyperref Info: Plain pages OFF on input line 4196.
Package hyperref Info: Backreferencing OFF on input line 4201.
Package hyperref Info: Implicit mode ON; LaTeX internals redefined.
Package hyperref Info: Bookmarks ON on input line 4448.
\c@Hy@tempcnt=\count287
 (C:\Program Files\MiKTeX\tex/latex/url\url.sty
\Urlmuskip=\muskip17
Package: url 2013/09/16  ver 3.4  Verb mode for urls, etc.
)
LaTeX Info: Redefining \url on input line 4786.
\XeTeXLinkMargin=\dimen157
 (C:\Program Files\MiKTeX\tex/generic/bitset\bitset.sty
Package: bitset 2019/12/09 v1.3 Handle bit-vector datatype (HO)
 (C:\Program Files\MiKTeX\tex/generic/bigintcalc\bigintcalc.sty
Package: bigintcalc 2019/12/15 v1.5 Expandable calculations on big integers (HO)
))
\Fld@menulength=\count288
\Field@Width=\dimen158
\Fld@charsize=\dimen159
Package hyperref Info: Hyper figures OFF on input line 6065.
Package hyperref Info: Link nesting OFF on input line 6070.
Package hyperref Info: Hyper index ON on input line 6073.
Package hyperref Info: backreferencing OFF on input line 6080.
Package hyperref Info: Link coloring OFF on input line 6085.
Package hyperref Info: Link coloring with OCG OFF on input line 6090.
Package hyperref Info: PDF/A mode OFF on input line 6095.
 (C:\Program Files\MiKTeX\tex/latex/base\atbegshi-ltx.sty
Package: atbegshi-ltx 2021/01/10 v1.0c Emulation of the original atbegshi
package with kernel methods
)
\Hy@abspage=\count289
\c@Item=\count290
\c@Hfootnote=\count291
)
Package hyperref Info: Driver (autodetected): hpdftex.
 (C:\Program Files\MiKTeX\tex/latex/hyperref\hpdftex.def
File: hpdftex.def 2023-11-26 v7.01g Hyperref driver for pdfTeX
 (C:\Program Files\MiKTeX\tex/latex/base\atveryend-ltx.sty
Package: atveryend-ltx 2020/08/19 v1.0a Emulation of the original atveryend package
with kernel methods
)
\Fld@listcount=\count292
\c@bookmark@seq@number=\count293
 (C:\Program Files\MiKTeX\tex/latex/rerunfilecheck\rerunfilecheck.sty
Package: rerunfilecheck 2022-07-10 v1.10 Rerun checks for auxiliary files (HO)
 (C:\Program Files\MiKTeX\tex/generic/uniquecounter\uniquecounter.sty
Package: uniquecounter 2019/12/15 v1.4 Provide unlimited unique counter (HO)
)
Package uniquecounter Info: New unique counter `rerunfilecheck' on input line 285.
)
\Hy@SectionHShift=\skip53
) (C:\Program Files\MiKTeX\tex/latex/biblatex\biblatex.sty
Package: biblatex 2023/03/05 v3.19 programmable bibliographies (PK/MW)
 (C:\Program Files\MiKTeX\tex/latex/logreq\logreq.sty
Package: logreq 2010/08/04 v1.0 xml request logger
\lrq@indent=\count294
 (C:\Program Files\MiKTeX\tex/latex/logreq\logreq.def
File: logreq.def 2010/08/04 v1.0 logreq spec v1.0
)) (C:\Program Files\MiKTeX\tex/latex/base\ifthen.sty
Package: ifthen 2022/04/13 v1.1d Standard LaTeX ifthen package (DPC)
)
\c@tabx@nest=\count295
\c@listtotal=\count296
\c@listcount=\count297
\c@liststart=\count298
\c@liststop=\count299
\c@citecount=\count300
\c@citetotal=\count301
\c@multicitecount=\count302
\c@multicitetotal=\count303
\c@instcount=\count304
\c@maxnames=\count305
\c@minnames=\count306
\c@maxitems=\count307
\c@minitems=\count308
\c@citecounter=\count309
\c@maxcitecounter=\count310
\c@savedcitecounter=\count311
\c@uniquelist=\count312
\c@uniquename=\count313
\c@refsection=\count314
\c@refsegment=\count315
\c@maxextratitle=\count316
\c@maxextratitleyear=\count317
\c@maxextraname=\count318
\c@maxextradate=\count319
\c@maxextraalpha=\count320
\c@abbrvpenalty=\count321
\c@highnamepenalty=\count322
\c@lownamepenalty=\count323
\c@maxparens=\count324
\c@parenlevel=\count325
\blx@tempcnta=\count326
\blx@tempcntb=\count327
\blx@tempcntc=\count328
\c@blx@maxsection=\count329
\blx@maxsegment@0=\count330
\blx@notetype=\count331
\blx@parenlevel@text=\count332
\blx@parenlevel@foot=\count333
\blx@sectionciteorder@0=\count334
\blx@sectionciteorderinternal@0=\count335
\blx@entrysetcounter=\count336
\blx@biblioinstance=\count337
\labelnumberwidth=\skip54
\labelalphawidth=\skip55
\biblabelsep=\skip56
\bibitemsep=\skip57
\bibnamesep=\skip58
\bibinitsep=\skip59
\bibparsep=\skip60
\bibhang=\skip61
\blx@bcfin=\read2
\blx@bcfout=\write3
\blx@langwohyphens=\language79
\c@mincomprange=\count338
\c@maxcomprange=\count339
\c@mincompwidth=\count340
Package biblatex Info: Trying to load biblatex default data model...
Package biblatex Info: ... file 'blx-dm.def' found.
 (C:\Program Files\MiKTeX\tex/latex/biblatex\blx-dm.def
File: blx-dm.def 2023/03/05 v3.19 biblatex localization (PK/MW)
)
Package biblatex Info: Trying to load biblatex style data model...
Package biblatex Info: ... file 'authoryear.dbx' not found.
Package biblatex Info: Trying to load biblatex custom data model...
Package biblatex Info: ... file 'biblatex-dm.cfg' not found.
\c@afterword=\count341
\c@savedafterword=\count342
\c@annotator=\count343
\c@savedannotator=\count344
\c@author=\count345
\c@savedauthor=\count346
\c@bookauthor=\count347
\c@savedbookauthor=\count348
\c@commentator=\count349
\c@savedcommentator=\count350
\c@editor=\count351
\c@savededitor=\count352
\c@editora=\count353
\c@savededitora=\count354
\c@editorb=\count355
\c@savededitorb=\count356
\c@editorc=\count357
\c@savededitorc=\count358
\c@foreword=\count359
\c@savedforeword=\count360
\c@holder=\count361
\c@savedholder=\count362
\c@introduction=\count363
\c@savedintroduction=\count364
\c@namea=\count365
\c@savednamea=\count366
\c@nameb=\count367
\c@savednameb=\count368
\c@namec=\count369
\c@savednamec=\count370
\c@translator=\count371
\c@savedtranslator=\count372
\c@shortauthor=\count373
\c@savedshortauthor=\count374
\c@shorteditor=\count375
\c@savedshorteditor=\count376
\c@labelname=\count377
\c@savedlabelname=\count378
\c@institution=\count379
\c@savedinstitution=\count380
\c@lista=\count381
\c@savedlista=\count382
\c@listb=\count383
\c@savedlistb=\count384
\c@listc=\count385
\c@savedlistc=\count386
\c@listd=\count387
\c@savedlistd=\count388
\c@liste=\count389
\c@savedliste=\count390
\c@listf=\count391
\c@savedlistf=\count392
\c@location=\count393
\c@savedlocation=\count394
\c@organization=\count395
\c@savedorganization=\count396
\c@origlocation=\count397
\c@savedoriglocation=\count398
\c@origpublisher=\count399
\c@savedorigpublisher=\count400
\c@publisher=\count401
\c@savedpublisher=\count402
\c@language=\count403
\c@savedlanguage=\count404
\c@origlanguage=\count405
\c@savedoriglanguage=\count406
\c@pageref=\count407
\c@savedpageref=\count408
\shorthandwidth=\skip62
\shortjournalwidth=\skip63
\shortserieswidth=\skip64
\shorttitlewidth=\skip65
\shortauthorwidth=\skip66
\shorteditorwidth=\skip67
\locallabelnumberwidth=\skip68
\locallabelalphawidth=\skip69
\localshorthandwidth=\skip70
\localshortjournalwidth=\skip71
\localshortserieswidth=\skip72
\localshorttitlewidth=\skip73
\localshortauthorwidth=\skip74
\localshorteditorwidth=\skip75
Package biblatex Info: Trying to load compatibility code...
Package biblatex Info: ... file 'blx-compat.def' found.
 (C:\Program Files\MiKTeX\tex/latex/biblatex\blx-compat.def
File: blx-compat.def 2023/03/05 v3.19 biblatex compatibility (PK/MW)
)
Package biblatex Info: Trying to load generic definitions...
Package biblatex Info: ... file 'biblatex.def' found.
 (C:\Program Files\MiKTeX\tex/latex/biblatex\biblatex.def
File: biblatex.def 2023/03/05 v3.19 biblatex compatibility (PK/MW)
\c@textcitecount=\count409
\c@textcitetotal=\count410
\c@textcitemaxnames=\count411
\c@biburlbigbreakpenalty=\count412
\c@biburlbreakpenalty=\count413
\c@biburlnumpenalty=\count414
\c@biburlucpenalty=\count415
\c@biburllcpenalty=\count416
\biburlbigskip=\muskip18
\biburlnumskip=\muskip19
\biburlucskip=\muskip20
\biburllcskip=\muskip21
\c@smartand=\count417
)
Package biblatex Info: Trying to load bibliography style 'authoryear'...
Package biblatex Info: ... file 'authoryear.bbx' found.
 (C:\Program Files\MiKTeX\tex/latex/biblatex/bbx\authoryear.bbx
File: authoryear.bbx 2023/03/05 v3.19 biblatex bibliography style (PK/MW)
Package biblatex Info: Trying to load bibliography style 'standard'...
Package biblatex Info: ... file 'standard.bbx' found.
 (C:\Program Files\MiKTeX\tex/latex/biblatex/bbx\standard.bbx
File: standard.bbx 2023/03/05 v3.19 biblatex bibliography style (PK/MW)
\c@bbx:relatedcount=\count418
\c@bbx:relatedtotal=\count419
))
Package biblatex Info: Trying to load citation style 'authoryear'...
Package biblatex Info: ... file 'authoryear.cbx' found.
 (C:\Program Files\MiKTeX\tex/latex/biblatex/cbx\authoryear.cbx
File: authoryear.cbx 2023/03/05 v3.19 biblatex citation style (PK/MW)
Package biblatex Info: Redefining '\cite'.
Package biblatex Info: Redefining '\parencite'.
Package biblatex Info: Redefining '\footcite'.
Package biblatex Info: Redefining '\footcitetext'.
Package biblatex Info: Redefining '\smartcite'.
Package biblatex Info: Redefining '\textcite'.
Package biblatex Info: Redefining '\textcites'.
)
Package biblatex Info: Trying to load configuration file...
Package biblatex Info: ... file 'biblatex.cfg' found.
 (C:\Program Files\MiKTeX\tex/latex/biblatex\biblatex.cfg
File: biblatex.cfg 
)
Package biblatex Info: Input encoding 'utf8' detected.
Package biblatex Info: Document encoding is UTF8 ....
 (C:\Program Files\MiKTeX\tex/latex/l3kernel\expl3.sty
Package: expl3 2024-01-04 L3 programming layer (loader) 
 (C:\Program Files\MiKTeX\tex/latex/l3backend\l3backend-pdftex.def
File: l3backend-pdftex.def 2024-01-04 L3 backend support: PDF output (pdfTeX)
\l__color_backend_stack_int=\count420
\l__pdf_internal_box=\box55
))
Package biblatex Info: ... and expl3
(biblatex)             2024-01-04 L3 programming layer (loader) 
(biblatex)             is new enough (at least 2020/04/06),
(biblatex)             setting 'casechanger=expl3'.
 (C:\Program Files\MiKTeX\tex/latex/biblatex\blx-case-expl3.sty (C:\Program Files\MiKTeX\tex/latex/l3packages/xparse\xparse.sty
Package: xparse 2023-10-10 L3 Experimental document command parser
)
Package: blx-case-expl3 2023/03/05 v3.19 expl3 case changing code for biblatex
)) (C:\Program Files\MiKTeX\tex/latex/listings\lstlang1.sty
File: lstlang1.sty 2023/02/27 1.9 listings language file
)
\@quotelevel=\count421
\@quotereset=\count422
 (report.aux)
\openout1 = `report.aux'.

LaTeX Font Info:    Checking defaults for OML/cmm/m/it on input line 27.
LaTeX Font Info:    ... okay on input line 27.
LaTeX Font Info:    Checking defaults for OMS/cmsy/m/n on input line 27.
LaTeX Font Info:    ... okay on input line 27.
LaTeX Font Info:    Checking defaults for OT1/cmr/m/n on input line 27.
LaTeX Font Info:    ... okay on input line 27.
LaTeX Font Info:    Checking defaults for T1/cmr/m/n on input line 27.
LaTeX Font Info:    ... okay on input line 27.
LaTeX Font Info:    Checking defaults for TS1/cmr/m/n on input line 27.
LaTeX Font Info:    ... okay on input line 27.
LaTeX Font Info:    Checking defaults for OMX/cmex/m/n on input line 27.
LaTeX Font Info:    ... okay on input line 27.
LaTeX Font Info:    Checking defaults for U/cmr/m/n on input line 27.
LaTeX Font Info:    ... okay on input line 27.
LaTeX Font Info:    Checking defaults for PD1/pdf/m/n on input line 27.
LaTeX Font Info:    ... okay on input line 27.
LaTeX Font Info:    Checking defaults for PU/pdf/m/n on input line 27.
LaTeX Font Info:    ... okay on input line 27.
 (C:\Program Files\MiKTeX\tex/context/base/mkii\supp-pdf.mkii
[Loading MPS to PDF converter (version 2006.09.02).]
\scratchcounter=\count423
\scratchdimen=\dimen160
\scratchbox=\box56
\nofMPsegments=\count424
\nofMParguments=\count425
\everyMPshowfont=\toks26
\MPscratchCnt=\count426
\MPscratchDim=\dimen161
\MPnumerator=\count427
\makeMPintoPDFobject=\count428
\everyMPtoPDFconversion=\toks27
) (C:\Program Files\MiKTeX\tex/latex/epstopdf-pkg\epstopdf-base.sty
Package: epstopdf-base 2020-01-24 v2.11 Base part for package epstopdf
Package epstopdf-base Info: Redefining graphics rule for `.eps' on input line 485.
 (C:\Program Files\MiKTeX\tex/latex/00miktex\epstopdf-sys.cfg
File: epstopdf-sys.cfg 2021/03/18 v2.0 Configuration of epstopdf for MiKTeX
))
\c@lstlisting=\count429
Package hyperref Info: Link coloring OFF on input line 27.
 (report.out) (report.out)
\@outlinefile=\write4
\openout4 = `report.out'.

Package biblatex Info: Trying to load language 'english'...
Package biblatex Info: ... file 'english.lbx' found.
 (C:\Program Files\MiKTeX\tex/latex/biblatex/lbx\english.lbx
File: english.lbx 2023/03/05 v3.19 biblatex localization (PK/MW)
)
Package biblatex Info: Input encoding 'utf8' detected.
Package biblatex Info: Automatic encoding selection.
(biblatex)             Assuming data encoding 'utf8'.
\openout3 = `report.bcf'.

Package biblatex Info: Trying to load bibliographic data...
Package biblatex Info: ... file 'report.bbl' found.
 (report.bbl)
Package biblatex Info: Reference section=0 on input line 27.
Package biblatex Info: Reference segment=0 on input line 27.
 [1

{C:/Users/fbabb/AppData/Local/MiKTeX/fonts/map/pdftex/pdftex.map}]
pdfTeX warning (ext4): destination with the same identifier (name{page.1}) has been already used, duplicate ignored
<to be read again> 
                   \relax 
l.45 
      [1] [2] [3] [4] [5] [6] [7] [8]
Overfull \hbox (1.80292pt too wide) in paragraph at lines 127--127
[]\OT1/cmr/bx/n/14.4 Linking Neu-ral Mech-a-nisms to the Bayesian Mix-
 []


Overfull \hbox (6.59975pt too wide) in paragraph at lines 144--145
[]\OT1/cmr/bx/n/12 Anterior Hip-pocam-pus (pat-tern com-ple-tion) vs. Den-tate Gyrus
 []


Overfull \hbox (15.37079pt too wide) in paragraph at lines 144--145
\OT1/cmr/m/n/12 dy-nam-ics widen the gra-di-ent, whereas separation-biased dy-nam-ics sharpen
 []

[9]
Overfull \hbox (6.98308pt too wide) in paragraph at lines 147--148
[]\OT1/cmr/bx/n/12 Default-Mode Net-work nodes (vmPFC, MTG, An-gu-lar Gyrus):
 []

[10]
Overfull \hbox (1.53902pt too wide) in paragraph at lines 173--174
\OT1/cmr/m/n/12 hip-pocam-pus, vmPFC, MTG); com-ple-tion can oc-cur de-spite weak phys-
 []


Overfull \hbox (11.39706pt too wide) detected at line 190
[]
 []

[11]
Overfull \hbox (19.50835pt too wide) detected at line 205
[]
 []


Overfull \hbox (104.8073pt too wide) detected at line 219
[]
 []


Overfull \hbox (14.24782pt too wide) detected at line 234
[]
 []


Overfull \hbox (46.01894pt too wide) detected at line 250
[]
 []


Overfull \hbox (32.07642pt too wide) in paragraph at lines 252--252
[]\OT1/cmr/bx/n/12 Associative Strength ($\OML/cmm/b/it/12 v[]$\OT1/cmr/bx/n/12 ) and Gen-er-al-ized As-so-cia-tive Strength
 []

[12]
Overfull \hbox (63.24017pt too wide) detected at line 265
[]
 []


Overfull \hbox (19.75014pt too wide) detected at line 278
[]
 []

[13]
Overfull \hbox (77.05197pt too wide) detected at line 326
[]
 []

LaTeX Font Info:    Font shape `OT1/cmtt/bx/n' in size <12> not available
(Font)              Font shape `OT1/cmtt/m/n' tried instead on input line 333.
[14]
LaTeX Font Info:    Font shape `OT1/cmtt/bx/n' in size <14.4> not available
(Font)              Font shape `OT1/cmtt/m/n' tried instead on input line 347.

Overfull \hbox (104.22977pt too wide) in paragraph at lines 347--347
[]\OT1/cmr/bx/n/14.4 Data Pre-pro-cess-ing (\OT1/cmtt/m/n/14.4 Data[]Preprocessing/data[]preprocessing.py\OT1/cmr/bx/n/14.4 ) 
 []


Overfull \hbox (9.96121pt too wide) in paragraph at lines 361--362
[]\OT1/cmr/m/n/12 Select and pivot into wide for-mat (with shape \OT1/cmtt/m/n/12 (participants, trials)\OT1/cmr/m/n/12 )
 []

[15] [16]
Overfull \hbox (1.18915pt too wide) in paragraph at lines 388--389
[]\OT1/cmr/bx/n/12 Learning + Gen-er-al-iza-tion, non-continuous (LG)\OT1/cmr/m/n/12 : in-cludes learn-
 []

[17]
Overfull \hbox (57.25377pt too wide) in paragraph at lines 419--421
\OT1/cmr/m/n/12 cal size vs. the par-tic-i-pant's per-ceived size; a re-gres-sion line (via \OT1/cmtt/m/n/12 seaborn.regplot\OT1/cmr/m/n/12 )
 []

[18]
Overfull \hbox (26.55722pt too wide) in paragraph at lines 423--424
[]\OT1/cmr/m/n/12 All these plot-ting func-tions store their out-put in \OT1/cmtt/m/n/12 Plots/Data[]Visualization/\OT1/cmr/m/n/12 .
 []


Overfull \hbox (59.16628pt too wide) in paragraph at lines 427--428
[]\OT1/cmr/m/n/12 How ac-cu-rately par-tic-i-pants per-ceived stim-uli (\OT1/cmtt/m/n/12 dv[]pe[]gr[]plot, dv[]pe[]indi[]plot\OT1/cmr/m/n/12 ). 
 []


Overfull \hbox (104.16103pt too wide) in paragraph at lines 431--431
[]\OT1/cmr/bx/n/14.4 Translating the JAGS Mod-els to PyMC (\OT1/cmtt/m/n/14.4 models[]definitions.py\OT1/cmr/bx/n/14.4 ) 
 []

[19] [20]
Overfull \hbox (52.19228pt too wide) in paragraph at lines 477--478
 []\OT1/cmr/bx/n/12 2. Us-ing \OT1/cmtt/m/n/12 scan \OT1/cmr/bx/n/12 to Re-place Nested Loops.[] \OT1/cmr/m/n/12 Some as-pects of the model|particularly
 []

[21]
Overfull \hbox (7.01532pt too wide) in paragraph at lines 506--508
\OT1/cmr/m/n/12 orig-i-nal the-ory re-quired pos-i-tive or bounded val-ues for the generalization-
 []


Overfull \hbox (24.59222pt too wide) in paragraph at lines 520--523
\OT1/cmr/m/n/12 the group-level scale prior from $[](2)$ to $[](\OML/cmm/m/it/12 ^^W[]\OT1/cmr/m/n/12 2\OML/cmm/m/it/12 ; ^^[[]\OT1/cmr/m/n/12 2)$.
 []

[22]
Overfull \hbox (6.87024pt too wide) detected at line 539
\OML/cmm/m/it/12 ^^[[] \OT1/cmr/m/n/12 = [] \OML/cmm/m/it/12 ;  ^^[[] \OMS/cmsy/m/n/12 ^^X []\OT1/cmr/m/n/12 (1\OML/cmm/m/it/12 :\OT1/cmr/m/n/12 5)\OML/cmm/m/it/12 ;
 []


Overfull \hbox (0.89159pt too wide) detected at line 545
\OML/cmm/m/it/12 ^^[[] \OMS/cmsy/m/n/12 ^^X [] []\OML/cmm/m/it/12 ^^V \OT1/cmr/m/n/12 = \OML/cmm/m/it/12 ^^[[];  ^^[ \OT1/cmr/m/n/12 = \OML/cmm/m/it/12 ^^[[]\OT1/cmr/m/n/12 ; [] = 10[]\OML/cmm/m/it/12 ;  [] \OT1/cmr/m/n/12 = 3[]\OML/cmm/m/it/12 :
 []

[23]
Overfull \hbox (45.60359pt too wide) in paragraph at lines 566--567
\OT1/cmr/m/n/12 All mod-els de-fined in \OT1/cmtt/m/n/12 models[]definitions.py \OT1/cmr/m/n/12 (e.g., \OT1/cmtt/m/n/12 model[]1v[]LG2D\OT1/cmr/m/n/12 , \OT1/cmtt/m/n/12 model[]2v[]LGPHY\OT1/cmr/m/n/12 ,
 []


Overfull \hbox (6.853pt too wide) in paragraph at lines 569--570
[]\OT1/cmr/m/n/12 Dynamically im-ports the re-quested model from \OT1/cmtt/m/n/12 models[]definitions.py
 []

[24]
Overfull \hbox (0.93402pt too wide) in paragraph at lines 578--579
[]\OT1/cmr/m/n/12 Saves the re-sult-ing \OT1/cmtt/m/n/12 arviz.InferenceData \OT1/cmr/m/n/12 (in-clud-ing pos-te-rior and pos-
 []


Overfull \hbox (5.92206pt too wide) in paragraph at lines 581--582
[]\OT1/cmr/m/n/12 By run-ning this func-tion for each de-sired model name (e.g., \OT1/cmtt/m/n/12 model[]1v[]LG2D\OT1/cmr/m/n/12 ,
 []


Overfull \hbox (17.32475pt too wide) in paragraph at lines 584--585
 []\OT1/cmr/bx/n/12 Sampler set-tings and run lengths.[] \OT1/cmr/m/n/12 All ex-per-i-men-tal data fits ($\OML/cmm/m/it/12 N[] \OMS/cmsy/m/n/12 ^^Y
 []


Overfull \hbox (6.26065pt too wide) in paragraph at lines 586--587
[]\OT1/cmr/m/n/12 For ref-er-ence, the orig-i-nal JAGS runs used $[] = 25[]000$ af-ter $[] =
 []

[25]
Overfull \hbox (26.81973pt too wide) in paragraph at lines 597--598
\OT1/cmr/bx/n/12 con-di-tion-ing \OT1/cmr/m/n/12 (\OT1/cmtt/m/n/12 model[]1v[]LG2D\OT1/cmr/m/n/12 ) and \OT1/cmr/bx/n/12 dif-fer-en-tial con-di-tion-ing \OT1/cmr/m/n/12 (\OT1/cmtt/m/n/12 model[]2v[]LG2D\OT1/cmr/m/n/12 ),
 []


Overfull \hbox (79.84125pt too wide) in paragraph at lines 597--598
\OT1/cmr/m/n/12 dataset. These fit-ting re-sults (e.g., \OT1/cmtt/m/n/12 Results[]Study1[]CLG2D_nc \OT1/cmr/m/n/12 and \OT1/cmtt/m/n/12 Results[]Study2[]CLG2D_nc\OT1/cmr/m/n/12 )
 []

[26]
Overfull \hbox (28.61829pt too wide) in paragraph at lines 630--631
[]\OT1/cmr/m/it/12 Pair plots \OT1/cmr/m/n/12 for higher-level hy-per-pri-ors (in-clud-ing \OT1/cmtt/m/n/12 sigma[]mean[]learners\OT1/cmr/m/n/12 ,
 []

[27] [28]
Overfull \hbox (5.9851pt too wide) in paragraph at lines 657--658
 []\OT1/cmr/bx/n/12 Implementation High-lights.[] \OT1/cmr/m/n/12 The core func-tions in \OT1/cmtt/m/n/12 group[]allocation.py
 []

[29]
Overfull \hbox (74.01715pt too wide) in paragraph at lines 682--682
[]\OT1/cmr/bx/n/12 Posterior Pre-dic-tive Checks (\OT1/cmtt/m/n/12 Analysis/posterior[]predictive[]checks.py\OT1/cmr/bx/n/12 ) 
 []


Overfull \hbox (46.13342pt too wide) in paragraph at lines 685--686
\OT1/cmr/m/n/12 model's pre-dic-tions match the ob-served data. The \OT1/cmtt/m/n/12 posterior[]predictive[]checks.py
 []

[30] [31]
Overfull \hbox (0.18918pt too wide) in paragraph at lines 714--714
[]\OT1/cmr/bx/n/12 Parameter Es-ti-ma-tion (\OT1/cmtt/m/n/12 Analysis/parameter[]estimation.py\OT1/cmr/bx/n/12 ) 
 []


Overfull \hbox (0.68344pt too wide) in paragraph at lines 717--718
\OT1/cmr/m/n/12 deeper un-der-stand-ing of these pa-ram-e-ters' dis-tri-bu-tions, once again by closely
 []


Overfull \hbox (73.87292pt too wide) in paragraph at lines 721--723
\OT1/cmr/m/n/12 ex-tracts $\OML/cmm/m/it/12 $ \OT1/cmr/m/n/12 and $\OML/cmm/m/it/12 ^^U$ \OT1/cmr/m/n/12 from the pos-te-rior, com-putes quan-tiles ($2\OML/cmm/m/it/12 :\OT1/cmr/m/n/12 5%\OML/cmm/m/it/12 ; \OT1/cmr/m/n/12 25%\OML/cmm/m/it/12 ; \OT1/cmr/m/n/12 50%\OML/cmm/m/it/12 ; \OT1/cmr/m/n/12 75%\OML/cmm/m/it/12 ; \OT1/cmr/m/n/12 97\OML/cmm/m/it/12 :\OT1/cmr/m/n/12 5%$),
 []

[32]
Overfull \hbox (11.0801pt too wide) in paragraph at lines 727--729
\OT1/cmr/m/n/12 ta-ne-ously. It ar-ranges sub-plots for the simple-conditioning vs. differential-
 []


Overfull \hbox (89.49698pt too wide) in paragraph at lines 743--744
[]\OT1/cmr/m/n/12 All parameter-estimation plots pro-duced here are saved to \OT1/cmtt/m/n/12 Plots/Parameter[]Estimation/\OT1/cmr/m/n/12 . 
 []

[33] [34] [35] [36]
Overfull \hbox (52.2142pt too wide) in paragraph at lines 813--813
[]\OT1/cmr/bx/n/12 Part 1: Il-lus-trat-ing Pa-ram-e-ter Ef-fects (\OT1/cmtt/m/n/12 Simulation/simulation[]1.py\OT1/cmr/bx/n/12 ) 
 []

[37]
Overfull \hbox (2.74551pt too wide) in paragraph at lines 839--840
[]\OT1/cmtt/m/n/12 sim[]ge[]plot \OT1/cmr/m/n/12 vi-su-al-izes a sin-gle dataset's pre-dicted sim-i-lar-ity across
 []

[38]
Overfull \hbox (24.74104pt too wide) in paragraph at lines 855--856
[]\OT1/cmr/m/n/12 All sim-u-la-tion plots for \OT1/cmtt/m/n/12 simulation[]1.py \OT1/cmr/m/n/12 are saved to the \OT1/cmtt/m/n/12 Plots/Simulation/
 []

[39] [40]
Overfull \hbox (4.21538pt too wide) in paragraph at lines 901--902
\OT1/cmr/m/n/12 re-cov-ers $\OML/cmm/m/it/12 ^^U$ \OT1/cmr/m/n/12 for Phys-i-cal Gen-er-al-iz-ers, Over-gen-er-al-iz-ers, and Non-Learners
 []


Overfull \hbox (22.72365pt too wide) in paragraph at lines 910--911
\OT1/cmtt/m/n/12 Plots/Simulation/Simulation[]part[]2/\OT1/cmr/m/n/12 ; fit-ted traces are in \OT1/cmtt/m/n/12 Fitting[]results/\OT1/cmr/m/n/12 ,
 []

[41]
Overfull \hbox (3.6124pt too wide) in paragraph at lines 913--913
[][]\OT1/cmr/m/n/12 Stan De-vel-op-ment Team (2025). \OT1/cmr/m/it/12 Stan User's Guide\OT1/cmr/m/n/12 . Ver-sion 2.37. \OT1/cmr/m/sc/12 url\OT1/cmr/m/n/12 : []$\OT1/cmtt/m/n/12 https :
 []


Overfull \hbox (44.61388pt too wide) in paragraph at lines 913--913
\OT1/cmtt/m/n/12 github . io / assets / case _ studies / identifiability . html # Acknowledgements$[]\OT1/cmr/m/n/12 . 
 []

[42

] (report.aux)
 ***********
LaTeX2e <2023-11-01> patch level 1
L3 programming layer <2024-01-04>
 ***********
Package rerunfilecheck Info: File `report.out' has not changed.
(rerunfilecheck)             Checksum: 5679DA38CBE6CCE26F220034C8073FA3;3662.
Package logreq Info: Writing requests to 'report.run.xml'.
\openout1 = `report.run.xml'.

 ) 
Here is how much of TeX's memory you used:
 19056 strings out of 474485
 321987 string characters out of 5753549
 2048542 words of memory out of 5000000
 40954 multiletter control sequences out of 15000+600000
 573681 words of font info for 91 fonts, out of 8000000 for 9000
 1141 hyphenation exceptions out of 8191
 75i,19n,81p,1069b,2100s stack positions out of 10000i,1000n,20000p,200000b,200000s
 <C:\Users\fbabb\AppData\Local\MiKTeX\fonts/pk/ljfour/jknappen/ec/dpi600\tcrm1200.pk><C:/Program Files/MiKTeX/fonts/type1/public/amsfonts/cm/cmbsy10.pfb><C:/Program Files/MiKTeX/fonts/type1/public/amsfonts/cmextra/cmbsy8.pfb><C:/Program Files/MiKTeX/fonts/type1/public/amsfonts/cm/cmbx12.pfb><C:/Program Files/MiKTeX/fonts/type1/public/amsfonts/cm/cmbx8.pfb><C:/Program Files/MiKTeX/fonts/type1/public/amsfonts/cm/cmbxti10.pfb><C:/Program Files/MiKTeX/fonts/type1/public/amsfonts/cm/cmcsc10.pfb><C:/Program Files/MiKTeX/fonts/type1/public/amsfonts/cm/cmex10.pfb><C:/Program Files/MiKTeX/fonts/type1/public/amsfonts/cm/cmitt10.pfb><C:/Program Files/MiKTeX/fonts/type1/public/amsfonts/cm/cmmi12.pfb><C:/Program Files/MiKTeX/fonts/type1/public/amsfonts/cm/cmmi6.pfb><C:/Program Files/MiKTeX/fonts/type1/public/amsfonts/cm/cmmi8.pfb><C:/Program Files/MiKTeX/fonts/type1/public/amsfonts/cm/cmmib10.pfb><C:/Program Files/MiKTeX/fonts/type1/public/amsfonts/cmextra/cmmib6.pfb><C:/Program Files/MiKTeX/fonts/type1/public/amsfonts/cmextra/cmmib8.pfb><C:/Program Files/MiKTeX/fonts/type1/public/amsfonts/cm/cmr12.pfb><C:/Program Files/MiKTeX/fonts/type1/public/amsfonts/cm/cmr17.pfb><C:/Program Files/MiKTeX/fonts/type1/public/amsfonts/cm/cmr6.pfb><C:/Program Files/MiKTeX/fonts/type1/public/amsfonts/cm/cmr8.pfb><C:/Program Files/MiKTeX/fonts/type1/public/amsfonts/cm/cmsy10.pfb><C:/Program Files/MiKTeX/fonts/type1/public/amsfonts/cm/cmsy6.pfb><C:/Program Files/MiKTeX/fonts/type1/public/amsfonts/cm/cmsy8.pfb><C:/Program Files/MiKTeX/fonts/type1/public/amsfonts/cm/cmti12.pfb><C:/Program Files/MiKTeX/fonts/type1/public/amsfonts/cm/cmtt10.pfb><C:/Program Files/MiKTeX/fonts/type1/public/amsfonts/cm/cmtt12.pfb>
Output written on report.pdf (43 pages, 439179 bytes).
PDF statistics:
 576 PDF objects out of 1000 (max. 8388607)
 195 named destinations out of 1000 (max. 500000)
 121 words of extra memory for PDF output out of 10000 (max. 10000000)

